Copyright(c) 2019 Synopsys, Inc.

OptSim-I-Executing Variable Bandwidth Simulation
OptSim-I-Starting at Tue Feb 23 08:48:38 2021
OptSim-I-Reading file C:\Users\alexandersalois\optsim\usrdir\optSimProj\PAM4\sim_PAM4.opf
OptSim-I-Checking errors of Project sim_PAM4
OptSim-I-Checking warnings of Project sim_PAM4
OptSim-I-Expanding compound component and iterations
OptSim-I-Calculating delay and memory request
OptSim-I-Simulation prerun has been subdivided in 1 run(s)
OptSim-I-Simulation prerun 1 has been subdivided in 5 session
OptSim-I-Creating prerun for session 1 of 5
OptSim-I-Simulating prerun for session 1 of 5
OptSim-I-Simulating prerun for session 2 of 5
OptSim-I-Creating prerun for session 3 of 5
OptSim-I-Simulating prerun for session 3 of 5
OptSim-I-Simulating prerun for session 4 of 5
OptSim-I-Creating prerun for session 5 of 5
OptSim-I-Simulating prerun for session 5 of 5
OptSim-I-Loading delay and memory information
OptSim-I-Optimizing
OptSim-I-Calculating
OptSim-I-Simulation run has been subdivided in 1 run(s)
OptSim-I-Simulation run 1 has been subdivided in 6 session
OptSim-I-Creating run for section 1 of 6
OptSim-I-Simulating run for session 1 of 6
OptSim-I-   0 % of section    1 of    6                             
OptSim-I-   1 % of section    1 of    6                             
OptSim-I-   2 % of section    1 of    6                             
OptSim-I-   3 % of section    1 of    6                             
OptSim-I-   4 % of section    1 of    6                             
OptSim-I-   5 % of section    1 of    6                             
OptSim-I-   6 % of section    1 of    6                             
OptSim-I-   7 % of section    1 of    6                             
OptSim-I-   8 % of section    1 of    6                             
OptSim-I-   9 % of section    1 of    6                             
OptSim-I-  10 % of section    1 of    6                             
OptSim-I-  11 % of section    1 of    6                             
OptSim-I-  12 % of section    1 of    6                             
OptSim-I-  13 % of section    1 of    6                             
OptSim-I-  14 % of section    1 of    6                             
OptSim-I-  15 % of section    1 of    6                             
OptSim-I-  16 % of section    1 of    6                             
OptSim-I-  17 % of section    1 of    6                             
OptSim-I-  18 % of section    1 of    6                             
OptSim-I-  19 % of section    1 of    6                             
OptSim-I-  20 % of section    1 of    6                             
OptSim-I-  21 % of section    1 of    6                             
OptSim-I-  22 % of section    1 of    6                             
OptSim-I-  23 % of section    1 of    6                             
OptSim-I-  24 % of section    1 of    6                             
OptSim-I-  25 % of section    1 of    6                             
OptSim-I-  26 % of section    1 of    6                             
OptSim-I-  27 % of section    1 of    6                             
OptSim-I-  28 % of section    1 of    6                             
OptSim-I-  29 % of section    1 of    6                             
OptSim-I-  30 % of section    1 of    6                             
OptSim-I-  31 % of section    1 of    6                             
OptSim-I-  32 % of section    1 of    6                             
OptSim-I-  33 % of section    1 of    6                             
OptSim-I-  34 % of section    1 of    6                             
OptSim-I-  35 % of section    1 of    6                             
OptSim-I-  36 % of section    1 of    6                             
OptSim-I-  37 % of section    1 of    6                             
OptSim-I-  38 % of section    1 of    6                             
OptSim-I-  39 % of section    1 of    6                             
OptSim-I-  40 % of section    1 of    6                             
OptSim-I-  41 % of section    1 of    6                             
OptSim-I-  42 % of section    1 of    6                             
OptSim-I-  43 % of section    1 of    6                             
OptSim-I-  44 % of section    1 of    6                             
OptSim-I-  45 % of section    1 of    6                             
OptSim-I-  46 % of section    1 of    6                             
OptSim-I-  47 % of section    1 of    6                             
OptSim-I-  48 % of section    1 of    6                             
OptSim-I-  49 % of section    1 of    6                             
OptSim-I-  50 % of section    1 of    6                             
OptSim-I-  51 % of section    1 of    6                             
OptSim-I-  52 % of section    1 of    6                             
OptSim-I-  53 % of section    1 of    6                             
OptSim-I-  54 % of section    1 of    6                             
OptSim-I-  55 % of section    1 of    6                             
OptSim-I-  56 % of section    1 of    6                             
OptSim-I-  57 % of section    1 of    6                             
OptSim-I-  58 % of section    1 of    6                             
OptSim-I-  59 % of section    1 of    6                             
OptSim-I-  60 % of section    1 of    6                             
OptSim-I-  61 % of section    1 of    6                             
OptSim-I-  62 % of section    1 of    6                             
OptSim-I-  63 % of section    1 of    6                             
OptSim-I-  64 % of section    1 of    6                             
OptSim-I-  65 % of section    1 of    6                             
OptSim-I-  66 % of section    1 of    6                             
OptSim-I-  67 % of section    1 of    6                             
OptSim-I-  68 % of section    1 of    6                             
OptSim-I-  69 % of section    1 of    6                             
OptSim-I-  70 % of section    1 of    6                             
OptSim-I-  71 % of section    1 of    6                             
OptSim-I-  72 % of section    1 of    6                             
OptSim-I-  73 % of section    1 of    6                             
OptSim-I-  74 % of section    1 of    6                             
OptSim-I-  75 % of section    1 of    6                             
OptSim-I-  76 % of section    1 of    6                             
OptSim-I-  77 % of section    1 of    6                             
OptSim-I-  78 % of section    1 of    6                             
OptSim-I-  79 % of section    1 of    6                             
OptSim-I-  80 % of section    1 of    6                             
OptSim-I-  81 % of section    1 of    6                             
OptSim-I-  82 % of section    1 of    6                             
OptSim-I-  83 % of section    1 of    6                             
OptSim-I-  84 % of section    1 of    6                             
OptSim-I-  85 % of section    1 of    6                             
OptSim-I-  86 % of section    1 of    6                             
OptSim-I-  87 % of section    1 of    6                             
OptSim-I-  88 % of section    1 of    6                             
OptSim-I-  89 % of section    1 of    6                             
OptSim-I-  90 % of section    1 of    6                             
OptSim-I-  91 % of section    1 of    6                             
OptSim-I-  92 % of section    1 of    6                             
OptSim-I-  93 % of section    1 of    6                             
OptSim-I-  94 % of section    1 of    6                             
OptSim-I-  95 % of section    1 of    6                             
OptSim-I-  96 % of section    1 of    6                             
OptSim-I-  97 % of section    1 of    6                             
OptSim-I-  98 % of section    1 of    6                             
OptSim-I-  99 % of section    1 of    6                             
OptSim-I- Section    1 User   time   0.02 sec                        
OptSim-I- Section    1 System time   0.02 sec                        
OptSim-I-Creating run for section 2 of 6
OptSim-I-Simulating run for session 2 of 6
OptSim-I-   0 % of section    2 of    6                             
OptSim-I-   1 % of section    2 of    6                             
OptSim-I-   2 % of section    2 of    6                             
OptSim-I-   3 % of section    2 of    6                             
OptSim-I-   4 % of section    2 of    6                             
OptSim-I-   5 % of section    2 of    6                             
OptSim-I-   6 % of section    2 of    6                             
OptSim-I-   7 % of section    2 of    6                             
OptSim-I-   8 % of section    2 of    6                             
OptSim-I-   9 % of section    2 of    6                             
OptSim-I-  10 % of section    2 of    6                             
OptSim-I-  11 % of section    2 of    6                             
OptSim-I-  12 % of section    2 of    6                             
OptSim-I-  13 % of section    2 of    6                             
OptSim-I-  14 % of section    2 of    6                             
OptSim-I-  15 % of section    2 of    6                             
OptSim-I-  16 % of section    2 of    6                             
OptSim-I-  17 % of section    2 of    6                             
OptSim-I-  18 % of section    2 of    6                             
OptSim-I-  19 % of section    2 of    6                             
OptSim-I-  20 % of section    2 of    6                             
OptSim-I-  21 % of section    2 of    6                             
OptSim-I-  22 % of section    2 of    6                             
OptSim-I-  23 % of section    2 of    6                             
OptSim-I-  24 % of section    2 of    6                             
OptSim-I-  25 % of section    2 of    6                             
OptSim-I-  26 % of section    2 of    6                             
OptSim-I-  27 % of section    2 of    6                             
OptSim-I-  27 % of section    2 of    6                             
OptSim-I-  28 % of section    2 of    6                             
OptSim-I-  29 % of section    2 of    6                             
OptSim-I-  30 % of section    2 of    6                             
OptSim-I-  31 % of section    2 of    6                             
OptSim-I-  32 % of section    2 of    6                             
OptSim-I-  33 % of section    2 of    6                             
OptSim-I-  34 % of section    2 of    6                             
OptSim-I-  35 % of section    2 of    6                             
OptSim-I-  36 % of section    2 of    6                             
OptSim-I-  37 % of section    2 of    6                             
OptSim-I-  38 % of section    2 of    6                             
OptSim-I-  39 % of section    2 of    6                             
OptSim-I-  40 % of section    2 of    6                             
OptSim-I-  41 % of section    2 of    6                             
OptSim-I-  42 % of section    2 of    6                             
OptSim-I-  43 % of section    2 of    6                             
OptSim-I-  44 % of section    2 of    6                             
OptSim-I-  45 % of section    2 of    6                             
OptSim-I-  46 % of section    2 of    6                             
OptSim-I-  47 % of section    2 of    6                             
OptSim-I-  48 % of section    2 of    6                             
OptSim-I-  49 % of section    2 of    6                             
OptSim-I-  50 % of section    2 of    6                             
OptSim-I-  51 % of section    2 of    6                             
OptSim-I-  52 % of section    2 of    6                             
OptSim-I-  53 % of section    2 of    6                             
OptSim-I-  54 % of section    2 of    6                             
OptSim-I-  55 % of section    2 of    6                             
OptSim-I-  56 % of section    2 of    6                             
OptSim-I-  56 % of section    2 of    6                             
OptSim-I-  57 % of section    2 of    6                             
OptSim-I-  58 % of section    2 of    6                             
OptSim-I-  59 % of section    2 of    6                             
OptSim-I-  60 % of section    2 of    6                             
OptSim-I-  61 % of section    2 of    6                             
OptSim-I-  62 % of section    2 of    6                             
OptSim-I-  63 % of section    2 of    6                             
OptSim-I-  64 % of section    2 of    6                             
OptSim-I-  65 % of section    2 of    6                             
OptSim-I-  66 % of section    2 of    6                             
OptSim-I-  67 % of section    2 of    6                             
OptSim-I-  68 % of section    2 of    6                             
OptSim-I-  69 % of section    2 of    6                             
OptSim-I-  70 % of section    2 of    6                             
OptSim-I-  71 % of section    2 of    6                             
OptSim-I-  72 % of section    2 of    6                             
OptSim-I-  73 % of section    2 of    6                             
OptSim-I-  74 % of section    2 of    6                             
OptSim-I-  75 % of section    2 of    6                             
OptSim-I-  76 % of section    2 of    6                             
OptSim-I-  77 % of section    2 of    6                             
OptSim-I-  78 % of section    2 of    6                             
OptSim-I-  79 % of section    2 of    6                             
OptSim-I-  80 % of section    2 of    6                             
OptSim-I-  81 % of section    2 of    6                             
OptSim-I-  82 % of section    2 of    6                             
OptSim-I-  83 % of section    2 of    6                             
OptSim-I-  84 % of section    2 of    6                             
OptSim-I-  85 % of section    2 of    6                             
OptSim-I-  85 % of section    2 of    6                             
OptSim-I-  86 % of section    2 of    6                             
OptSim-I-  87 % of section    2 of    6                             
OptSim-I-  88 % of section    2 of    6                             
OptSim-I-  89 % of section    2 of    6                             
OptSim-I-  90 % of section    2 of    6                             
OptSim-I-  91 % of section    2 of    6                             
OptSim-I-  92 % of section    2 of    6                             
OptSim-I-  93 % of section    2 of    6                             
OptSim-I-  94 % of section    2 of    6                             
OptSim-I-  95 % of section    2 of    6                             
OptSim-I-  96 % of section    2 of    6                             
OptSim-I-  97 % of section    2 of    6                             
OptSim-I-  98 % of section    2 of    6                             
OptSim-I-  99 % of section    2 of    6                             
OptSim-I- Section    2 User   time   0.03 sec                        
OptSim-I- Section    2 System time   0.05 sec                        
OptSim-I-Simulating run for session 3 of 6
OptSim-I-Creating run for section 4 of 6
OptSim-I-Simulating run for session 4 of 6
OptSim-I-   0 % of section    4 of    6                             
OptSim-I-   1 % of section    4 of    6                             
OptSim-I-   2 % of section    4 of    6                             
OptSim-I-   3 % of section    4 of    6                             
OptSim-I-   4 % of section    4 of    6                             
OptSim-I-   5 % of section    4 of    6                             
OptSim-I-   6 % of section    4 of    6                             
OptSim-I-   7 % of section    4 of    6                             
OptSim-I-   8 % of section    4 of    6                             
OptSim-I-   9 % of section    4 of    6                             
OptSim-I-  10 % of section    4 of    6                             
OptSim-I-  11 % of section    4 of    6                             
OptSim-I-  12 % of section    4 of    6                             
OptSim-I-  13 % of section    4 of    6                             
OptSim-I-  14 % of section    4 of    6                             
OptSim-I-  15 % of section    4 of    6                             
OptSim-I-  16 % of section    4 of    6                             
OptSim-I-  17 % of section    4 of    6                             
OptSim-I-  18 % of section    4 of    6                             
OptSim-I-  18 % of section    4 of    6                             
OptSim-I-  19 % of section    4 of    6                             
OptSim-I-  20 % of section    4 of    6                             
OptSim-I-  21 % of section    4 of    6                             
OptSim-I-  22 % of section    4 of    6                             
OptSim-I-  23 % of section    4 of    6                             
OptSim-I-  24 % of section    4 of    6                             
OptSim-I-  25 % of section    4 of    6                             
OptSim-I-  26 % of section    4 of    6                             
OptSim-I-  27 % of section    4 of    6                             
OptSim-I-  28 % of section    4 of    6                             
OptSim-I-  29 % of section    4 of    6                             
OptSim-I-  30 % of section    4 of    6                             
OptSim-I-  31 % of section    4 of    6                             
OptSim-I-  32 % of section    4 of    6                             
OptSim-I-  33 % of section    4 of    6                             
OptSim-I-  34 % of section    4 of    6                             
OptSim-I-  35 % of section    4 of    6                             
OptSim-I-  36 % of section    4 of    6                             
OptSim-I-  37 % of section    4 of    6                             
OptSim-I-  38 % of section    4 of    6                             
OptSim-I-  38 % of section    4 of    6                             
OptSim-I-  39 % of section    4 of    6                             
OptSim-I-  40 % of section    4 of    6                             
OptSim-I-  41 % of section    4 of    6                             
OptSim-I-  42 % of section    4 of    6                             
OptSim-I-  43 % of section    4 of    6                             
OptSim-I-  44 % of section    4 of    6                             
OptSim-I-  45 % of section    4 of    6                             
OptSim-I-  46 % of section    4 of    6                             
OptSim-I-  47 % of section    4 of    6                             
OptSim-I-  48 % of section    4 of    6                             
OptSim-I-  49 % of section    4 of    6                             
OptSim-I-  50 % of section    4 of    6                             
OptSim-I-  51 % of section    4 of    6                             
OptSim-I-  52 % of section    4 of    6                             
OptSim-I-  53 % of section    4 of    6                             
OptSim-I-  54 % of section    4 of    6                             
OptSim-I-  55 % of section    4 of    6                             
OptSim-I-  56 % of section    4 of    6                             
OptSim-I-  57 % of section    4 of    6                             
OptSim-I-  57 % of section    4 of    6                             
OptSim-I-  58 % of section    4 of    6                             
OptSim-I-  59 % of section    4 of    6                             
OptSim-I-  60 % of section    4 of    6                             
OptSim-I-  61 % of section    4 of    6                             
OptSim-I-  62 % of section    4 of    6                             
OptSim-I-  63 % of section    4 of    6                             
OptSim-I-  64 % of section    4 of    6                             
OptSim-I-  65 % of section    4 of    6                             
OptSim-I-  66 % of section    4 of    6                             
OptSim-I-  67 % of section    4 of    6                             
OptSim-I-  68 % of section    4 of    6                             
OptSim-I-  69 % of section    4 of    6                             
OptSim-I-  70 % of section    4 of    6                             
OptSim-I-  71 % of section    4 of    6                             
OptSim-I-  72 % of section    4 of    6                             
OptSim-I-  73 % of section    4 of    6                             
OptSim-I-  74 % of section    4 of    6                             
OptSim-I-  75 % of section    4 of    6                             
OptSim-I-  76 % of section    4 of    6                             
OptSim-I-  77 % of section    4 of    6                             
OptSim-I-  77 % of section    4 of    6                             
OptSim-I-  78 % of section    4 of    6                             
OptSim-I-  79 % of section    4 of    6                             
OptSim-I-  80 % of section    4 of    6                             
OptSim-I-  81 % of section    4 of    6                             
OptSim-I-  82 % of section    4 of    6                             
OptSim-I-  83 % of section    4 of    6                             
OptSim-I-  84 % of section    4 of    6                             
OptSim-I-  85 % of section    4 of    6                             
OptSim-I-  86 % of section    4 of    6                             
OptSim-I-  87 % of section    4 of    6                             
OptSim-I-  88 % of section    4 of    6                             
OptSim-I-  89 % of section    4 of    6                             
OptSim-I-  90 % of section    4 of    6                             
OptSim-I-  91 % of section    4 of    6                             
OptSim-I-  92 % of section    4 of    6                             
OptSim-I-  93 % of section    4 of    6                             
OptSim-I-  94 % of section    4 of    6                             
OptSim-I-  95 % of section    4 of    6                             
OptSim-I-  96 % of section    4 of    6                             
OptSim-I-  97 % of section    4 of    6                             
OptSim-I-  97 % of section    4 of    6                             
OptSim-I-  98 % of section    4 of    6                             
OptSim-I-  99 % of section    4 of    6                             
OptSim-I- Section    4 User   time   0.02 sec                        
OptSim-I- Section    4 System time   0.03 sec                        
OptSim-I-Simulating run for session 5 of 6
OptSim-I-Creating run for section 6 of 6
OptSim-I-Simulating run for session 6 of 6
OptSim-I-   0 % of section    6 of    6                             
OptSim-I-   1 % of section    6 of    6                             
OptSim-I-   2 % of section    6 of    6                             
OptSim-I-   3 % of section    6 of    6                             
OptSim-I-   4 % of section    6 of    6                             
OptSim-I-   5 % of section    6 of    6                             
OptSim-I-   6 % of section    6 of    6                             
OptSim-I-   7 % of section    6 of    6                             
OptSim-I-   8 % of section    6 of    6                             
OptSim-I-   9 % of section    6 of    6                             
OptSim-I-  10 % of section    6 of    6                             
OptSim-I-  11 % of section    6 of    6                             
OptSim-I-  12 % of section    6 of    6                             
OptSim-I-  13 % of section    6 of    6                             
OptSim-I-  14 % of section    6 of    6                             
OptSim-I-  15 % of section    6 of    6                             
OptSim-I-  16 % of section    6 of    6                             
OptSim-I-  17 % of section    6 of    6                             
OptSim-I-  18 % of section    6 of    6                             
OptSim-I-  18 % of section    6 of    6                             
OptSim-I-  19 % of section    6 of    6                             
OptSim-I-  20 % of section    6 of    6                             
OptSim-I-  21 % of section    6 of    6                             
OptSim-I-  22 % of section    6 of    6                             
OptSim-I-  23 % of section    6 of    6                             
OptSim-I-  24 % of section    6 of    6                             
OptSim-I-  25 % of section    6 of    6                             
OptSim-I-  26 % of section    6 of    6                             
OptSim-I-  27 % of section    6 of    6                             
OptSim-I-  28 % of section    6 of    6                             
OptSim-I-  29 % of section    6 of    6                             
OptSim-I-  30 % of section    6 of    6                             
OptSim-I-  31 % of section    6 of    6                             
OptSim-I-  32 % of section    6 of    6                             
OptSim-I-  33 % of section    6 of    6                             
OptSim-I-  34 % of section    6 of    6                             
OptSim-I-  35 % of section    6 of    6                             
OptSim-I-  36 % of section    6 of    6                             
OptSim-I-  37 % of section    6 of    6                             
OptSim-I-  38 % of section    6 of    6                             
OptSim-I-  38 % of section    6 of    6                             
OptSim-I-  39 % of section    6 of    6                             
OptSim-I-  40 % of section    6 of    6                             
OptSim-I-  41 % of section    6 of    6                             
OptSim-I-  42 % of section    6 of    6                             
OptSim-I-  43 % of section    6 of    6                             
OptSim-I-  44 % of section    6 of    6                             
OptSim-I-  45 % of section    6 of    6                             
OptSim-I-  46 % of section    6 of    6                             
OptSim-I-  47 % of section    6 of    6                             
OptSim-I-  48 % of section    6 of    6                             
OptSim-I-  49 % of section    6 of    6                             
OptSim-I-  50 % of section    6 of    6                             
OptSim-I-  51 % of section    6 of    6                             
OptSim-I-  52 % of section    6 of    6                             
OptSim-I-  53 % of section    6 of    6                             
OptSim-I-  54 % of section    6 of    6                             
OptSim-I-  55 % of section    6 of    6                             
OptSim-I-  56 % of section    6 of    6                             
OptSim-I-  57 % of section    6 of    6                             
OptSim-I-  57 % of section    6 of    6                             
OptSim-I-  58 % of section    6 of    6                             
OptSim-I-  59 % of section    6 of    6                             
OptSim-I-  60 % of section    6 of    6                             
OptSim-I-  61 % of section    6 of    6                             
OptSim-I-  62 % of section    6 of    6                             
OptSim-I-  63 % of section    6 of    6                             
OptSim-I-  64 % of section    6 of    6                             
OptSim-I-  65 % of section    6 of    6                             
OptSim-I-  66 % of section    6 of    6                             
OptSim-I-  67 % of section    6 of    6                             
OptSim-I-  68 % of section    6 of    6                             
OptSim-I-  69 % of section    6 of    6                             
OptSim-I-  70 % of section    6 of    6                             
OptSim-I-  71 % of section    6 of    6                             
OptSim-I-  72 % of section    6 of    6                             
OptSim-I-  73 % of section    6 of    6                             
OptSim-I-  74 % of section    6 of    6                             
OptSim-I-  75 % of section    6 of    6                             
OptSim-I-  76 % of section    6 of    6                             
OptSim-I-  77 % of section    6 of    6                             
OptSim-I-  77 % of section    6 of    6                             
OptSim-I-  78 % of section    6 of    6                             
OptSim-I-  79 % of section    6 of    6                             
OptSim-I-  80 % of section    6 of    6                             
OptSim-I-  81 % of section    6 of    6                             
OptSim-I-  82 % of section    6 of    6                             
OptSim-I-  83 % of section    6 of    6                             
OptSim-I-  84 % of section    6 of    6                             
OptSim-I-  85 % of section    6 of    6                             
OptSim-I-  86 % of section    6 of    6                             
OptSim-I-  87 % of section    6 of    6                             
OptSim-I-  88 % of section    6 of    6                             
OptSim-I-  89 % of section    6 of    6                             
OptSim-I-  90 % of section    6 of    6                             
OptSim-I-  91 % of section    6 of    6                             
OptSim-I-  92 % of section    6 of    6                             
OptSim-I-  93 % of section    6 of    6                             
OptSim-I-  94 % of section    6 of    6                             
OptSim-I-  95 % of section    6 of    6                             
OptSim-I-  96 % of section    6 of    6                             
OptSim-I-  97 % of section    6 of    6                             
OptSim-I-  97 % of section    6 of    6                             
OptSim-I-  98 % of section    6 of    6                             
OptSim-I-  99 % of section    6 of    6                             
OptSim-I- Section    6 User   time   0.00 sec                        
OptSim-I- Section    6 System time   0.03 sec                        
OptSim-I-Finish at Tue Feb 23 08:48:56 2021
OptSim-I-Elapsed time 18 second
